TN:
SF:dist/index.js
FN:4,encode
FN:18,decode
FN:35,decodePoint
FN:41,encodePoint
FN:48,decodeMultiPoint
FN:57,encodeMultiPoint
FN:64,decodePolygon
FN:83,encodePolygon
FN:92,decodeMultiPolygon
FN:117,encodeMultiPolygon
FN:132,validateRawCoords
FN:140,validateLinearRing
FN:145,readPositionArray
FN:160,ExhaustivenessError
FNF:14
FNH:14
FNDA:10,encode
FNDA:14,decode
FNDA:1,decodePoint
FNDA:1,encodePoint
FNDA:2,decodeMultiPoint
FNDA:2,encodeMultiPoint
FNDA:6,decodePolygon
FNDA:4,encodePolygon
FNDA:2,decodeMultiPolygon
FNDA:2,encodeMultiPolygon
FNDA:14,validateRawCoords
FNDA:10,validateLinearRing
FNDA:13,readPositionArray
FNDA:1,ExhaustivenessError
DA:1,2
DA:2,2
DA:3,2
DA:4,2
DA:5,10
DA:6,10
DA:7,1
DA:8,10
DA:9,2
DA:10,10
DA:11,4
DA:12,10
DA:13,2
DA:14,10
DA:15,1
DA:16,10
DA:17,2
DA:18,2
DA:19,14
DA:20,14
DA:21,14
DA:22,14
DA:23,1
DA:24,14
DA:25,2
DA:26,14
DA:27,6
DA:28,14
DA:29,2
DA:30,14
DA:31,1
DA:32,14
DA:33,2
DA:34,2
DA:35,1
DA:36,1
DA:37,1
DA:38,1
DA:39,1
DA:40,1
DA:41,1
DA:42,1
DA:43,1
DA:44,1
DA:45,1
DA:46,1
DA:47,1
DA:48,2
DA:49,2
DA:50,2
DA:51,2
DA:52,2
DA:53,2
DA:54,2
DA:55,2
DA:56,2
DA:57,2
DA:58,2
DA:59,2
DA:60,2
DA:61,2
DA:62,2
DA:63,2
DA:64,6
DA:65,6
DA:66,6
DA:67,6
DA:68,6
DA:69,7
DA:70,7
DA:71,7
DA:72,7
DA:73,7
DA:74,7
DA:75,7
DA:76,7
DA:77,7
DA:78,4
DA:79,4
DA:80,4
DA:81,4
DA:82,6
DA:83,4
DA:84,4
DA:85,4
DA:86,4
DA:87,4
DA:88,4
DA:89,4
DA:90,4
DA:91,4
DA:92,2
DA:93,2
DA:94,2
DA:95,2
DA:96,2
DA:97,3
DA:98,3
DA:99,3
DA:100,4
DA:101,4
DA:102,4
DA:103,4
DA:104,4
DA:105,4
DA:106,4
DA:107,4
DA:108,4
DA:109,3
DA:110,3
DA:111,3
DA:112,2
DA:113,2
DA:114,2
DA:115,2
DA:116,2
DA:117,2
DA:118,2
DA:119,2
DA:120,3
DA:121,3
DA:122,4
DA:123,4
DA:124,3
DA:125,2
DA:126,2
DA:127,2
DA:128,2
DA:129,2
DA:130,2
DA:131,2
DA:132,14
DA:133,14
DA:134,1
DA:135,1
DA:136,14
DA:137,1
DA:138,1
DA:139,14
DA:140,10
DA:141,10
DA:142,1
DA:143,1
DA:144,10
DA:145,13
DA:146,13
DA:147,13
DA:148,1
DA:149,1
DA:150,13
DA:151,362
DA:152,362
DA:153,724
DA:154,724
DA:155,362
DA:156,362
DA:157,12
DA:158,13
DA:159,2
DA:160,2
DA:161,1
DA:162,1
DA:163,2
LF:163
LH:163
BRDA:1,0,0,2
BRDA:4,1,0,10
BRDA:6,2,0,1
BRDA:8,3,0,2
BRDA:10,4,0,4
BRDA:12,5,0,2
BRDA:14,6,0,1
BRDA:18,7,0,14
BRDA:22,8,0,1
BRDA:24,9,0,2
BRDA:26,10,0,6
BRDA:28,11,0,2
BRDA:30,12,0,1
BRDA:35,13,0,1
BRDA:41,14,0,1
BRDA:48,15,0,2
BRDA:57,16,0,2
BRDA:64,17,0,6
BRDA:65,18,0,4
BRDA:65,19,0,2
BRDA:68,20,0,7
BRDA:78,21,0,4
BRDA:83,22,0,4
BRDA:87,23,0,3
BRDA:87,24,0,1
BRDA:84,25,0,5
BRDA:92,26,0,2
BRDA:93,27,0,1
BRDA:93,28,0,1
BRDA:96,29,0,3
BRDA:99,30,0,4
BRDA:117,31,0,2
BRDA:119,32,0,3
BRDA:121,33,0,4
BRDA:127,34,0,1
BRDA:127,35,0,1
BRDA:132,36,0,14
BRDA:133,37,0,1
BRDA:136,38,0,13
BRDA:136,39,0,1
BRDA:140,40,0,10
BRDA:141,41,0,1
BRDA:145,42,0,13
BRDA:147,43,0,12
BRDA:147,44,0,1
BRDA:150,45,0,362
BRDA:152,46,0,724
BRDA:157,47,0,12
BRDA:160,48,0,1
BRF:49
BRH:49
end_of_record
TN:
SF:dist/proto/geometry.js
FN:20,geometryTypeFromJSON
FN:49,geometryTypeToNumber
FN:70,createBaseGeometry
FN:74,encode
FN:90,decode
FNF:5
FNH:5
FNDA:13,geometryTypeFromJSON
FNDA:13,geometryTypeToNumber
FNDA:14,createBaseGeometry
FNDA:14,encode
FNDA:14,decode
DA:1,2
DA:2,2
DA:3,2
DA:4,2
DA:5,2
DA:6,2
DA:7,2
DA:8,2
DA:9,2
DA:10,2
DA:11,2
DA:12,2
DA:13,2
DA:14,2
DA:15,2
DA:16,2
DA:17,2
DA:18,2
DA:19,2
DA:20,2
DA:21,13
DA:22,13
DA:23,13
DA:24,0
DA:25,13
DA:26,13
DA:27,3
DA:28,13
DA:29,13
DA:30,2
DA:31,13
DA:32,13
DA:33,0
DA:34,13
DA:35,13
DA:36,0
DA:37,13
DA:38,13
DA:39,6
DA:40,13
DA:41,13
DA:42,2
DA:43,13
DA:44,13
DA:45,13
DA:46,0
DA:47,13
DA:48,13
DA:49,2
DA:50,13
DA:51,13
DA:52,0
DA:53,13
DA:54,3
DA:55,13
DA:56,2
DA:57,13
DA:58,0
DA:59,13
DA:60,0
DA:61,13
DA:62,6
DA:63,13
DA:64,2
DA:65,13
DA:66,13
DA:67,0
DA:68,13
DA:69,13
DA:70,14
DA:71,14
DA:72,14
DA:73,2
DA:74,2
DA:75,14
DA:76,13
DA:77,13
DA:78,14
DA:79,14
DA:80,9
DA:81,9
DA:82,14
DA:83,14
DA:84,14
DA:85,739
DA:86,739
DA:87,14
DA:88,14
DA:89,2
DA:90,2
DA:91,14
DA:92,14
DA:93,14
DA:94,14
DA:95,41
DA:96,41
DA:97,41
DA:98,13
DA:99,0
DA:100,0
DA:101,13
DA:102,13
DA:103,41
DA:104,14
DA:105,0
DA:106,0
DA:107,0
DA:108,14
DA:109,14
DA:110,14
DA:111,9
DA:112,9
DA:113,14
DA:114,14
DA:115,0
DA:116,41
DA:117,14
DA:118,0
DA:119,0
DA:120,0
DA:121,14
DA:122,14
DA:123,14
DA:124,739
DA:125,739
DA:126,14
DA:127,14
DA:128,0
DA:129,41
DA:130,41
DA:131,0
DA:132,0
DA:133,0
DA:134,0
DA:135,14
DA:136,2
DA:137,2
LF:137
LH:115
BRDA:1,0,0,2
BRDA:20,1,0,13
BRDA:22,2,0,0
BRDA:23,3,0,0
BRDA:25,4,0,3
BRDA:26,5,0,3
BRDA:28,6,0,2
BRDA:29,7,0,2
BRDA:31,8,0,0
BRDA:32,9,0,0
BRDA:34,10,0,0
BRDA:35,11,0,0
BRDA:37,12,0,6
BRDA:38,13,0,6
BRDA:40,14,0,2
BRDA:41,15,0,2
BRDA:43,16,0,0
BRDA:44,17,0,0
BRDA:45,18,0,0
BRDA:49,19,0,13
BRDA:51,20,0,0
BRDA:53,21,0,3
BRDA:55,22,0,2
BRDA:57,23,0,0
BRDA:59,24,0,0
BRDA:61,25,0,6
BRDA:63,26,0,2
BRDA:65,27,0,0
BRDA:66,28,0,0
BRDA:70,29,0,14
BRDA:74,30,0,14
BRDA:75,31,0,13
BRDA:79,32,0,9
BRDA:84,33,0,739
BRDA:90,34,0,14
BRDA:91,35,0,0
BRDA:92,36,0,0
BRDA:94,37,0,41
BRDA:97,38,0,13
BRDA:98,39,0,0
BRDA:103,40,0,14
BRDA:104,41,0,0
BRDA:110,42,0,9
BRDA:115,43,0,0
BRDA:116,44,0,14
BRDA:117,45,0,0
BRDA:123,46,0,739
BRDA:128,47,0,0
BRDA:130,48,0,0
BRDA:130,49,0,0
BRF:50
BRH:27
end_of_record
